Date: 2017-01-30 20:55
Backup Method: reload
Restore Method: standard
User Mode: free
BackupGuard version: 1.1.32
Supported archive version: 5
Database prefix: wp_
Site URL: http://wpali1.loc:8080
Home URL: http://wpali1.loc:8080
Uploads path: /var/www/vhosts/wpali1/wp-content/uploads
Site installation: standard
OS: Linux
Server: Apache/2.4.7 (Ubuntu)
User agent: Mozilla/5.0 (X11; Linux x86_64) AppleWebKit/537.36 (KHTML, like Gecko) Chrome/55.0.2883.87 Safari/537.36
PHP version: 5.5.9-1ubuntu4.20
SAPI: apache2handler
MySQL version: 5.5.53
Int size: 8
Int lib: bcmath
Memory limit: 256M
Max execution time: 30
Disk free space: 188960788480
Environment: Wordpress 4.7.2
Backup type: database

2017-01-30 20:55: Start backup
2017-01-30 20:55: Start backup database
2017-01-30 20:55: Total tables to backup: 38
2017-01-30 20:55: Total rows to backup: 2549
2017-01-30 20:55: Start backup table: wp_options
2017-01-30 20:55: End backup table: wp_options
2017-01-30 20:55: Start backup table: wp_commentmeta
2017-01-30 20:55: End backup table: wp_commentmeta
2017-01-30 20:55: Start backup table: wp_comments
2017-01-30 20:55: End backup table: wp_comments
2017-01-30 20:55: Start backup table: wp_dseller_downloadcodes
2017-01-30 20:55: End backup table: wp_dseller_downloadcodes
2017-01-30 20:55: Start backup table: wp_dseller_payments
2017-01-30 20:55: End backup table: wp_dseller_payments
2017-01-30 20:55: Start backup table: wp_dseller_payments_rk
2017-01-30 20:55: End backup table: wp_dseller_payments_rk
2017-01-30 20:55: Start backup table: wp_dseller_products
2017-01-30 20:55: End backup table: wp_dseller_products
2017-01-30 20:55: Start backup table: wp_links
2017-01-30 20:55: End backup table: wp_links
2017-01-30 20:55: Start backup table: wp_postmeta
2017-01-30 20:55: End backup table: wp_postmeta
2017-01-30 20:55: Start backup table: wp_posts
2017-01-30 20:55: End backup table: wp_posts
2017-01-30 20:55: Start backup table: wp_term_relationships
2017-01-30 20:55: End backup table: wp_term_relationships
2017-01-30 20:55: Start backup table: wp_term_taxonomy
2017-01-30 20:55: End backup table: wp_term_taxonomy
2017-01-30 20:55: Start backup table: wp_termmeta
2017-01-30 20:55: End backup table: wp_termmeta
2017-01-30 20:55: Start backup table: wp_terms
2017-01-30 20:55: End backup table: wp_terms
2017-01-30 20:55: Start backup table: wp_usermeta
2017-01-30 20:55: End backup table: wp_usermeta
2017-01-30 20:55: Start backup table: wp_users
2017-01-30 20:55: End backup table: wp_users
2017-01-30 20:55: Start backup table: wp_woocommerce_api_keys
2017-01-30 20:55: End backup table: wp_woocommerce_api_keys
2017-01-30 20:55: Start backup table: wp_woocommerce_attribute_taxonomies
2017-01-30 20:55: End backup table: wp_woocommerce_attribute_taxonomies
2017-01-30 20:55: Start backup table: wp_woocommerce_downloadable_product_permissions
2017-01-30 20:55: End backup table: wp_woocommerce_downloadable_product_permissions
2017-01-30 20:55: Start backup table: wp_woocommerce_order_itemmeta
2017-01-30 20:55: End backup table: wp_woocommerce_order_itemmeta
2017-01-30 20:55: Start backup table: wp_woocommerce_order_items
2017-01-30 20:55: End backup table: wp_woocommerce_order_items
2017-01-30 20:55: Start backup table: wp_woocommerce_payment_tokenmeta
2017-01-30 20:55: End backup table: wp_woocommerce_payment_tokenmeta
2017-01-30 20:55: Start backup table: wp_woocommerce_payment_tokens
2017-01-30 20:55: End backup table: wp_woocommerce_payment_tokens
2017-01-30 20:55: Start backup table: wp_woocommerce_sessions
2017-01-30 20:55: End backup table: wp_woocommerce_sessions
2017-01-30 20:55: Start backup table: wp_woocommerce_shipping_zone_locations
2017-01-30 20:55: End backup table: wp_woocommerce_shipping_zone_locations
2017-01-30 20:55: Start backup table: wp_woocommerce_shipping_zone_methods
2017-01-30 20:55: End backup table: wp_woocommerce_shipping_zone_methods
2017-01-30 20:55: Start backup table: wp_woocommerce_shipping_zones
2017-01-30 20:55: End backup table: wp_woocommerce_shipping_zones
2017-01-30 20:55: Start backup table: wp_woocommerce_tax_rate_locations
2017-01-30 20:55: End backup table: wp_woocommerce_tax_rate_locations
2017-01-30 20:55: Start backup table: wp_woocommerce_tax_rates
2017-01-30 20:55: End backup table: wp_woocommerce_tax_rates
2017-01-30 20:55: Start backup table: wp_wpgrabber
2017-01-30 20:55: End backup table: wp_wpgrabber
2017-01-30 20:55: Start backup table: wp_wpgrabber_content
2017-01-30 20:55: End backup table: wp_wpgrabber_content
2017-01-30 20:55: Start backup table: wp_wpgrabber_errors
2017-01-30 20:55: End backup table: wp_wpgrabber_errors
2017-01-30 20:55: Start backup table: wp_wpr_campaigns
2017-01-30 20:55: End backup table: wp_wpr_campaigns
2017-01-30 20:55: Start backup table: wp_wpr_errors
2017-01-30 20:55: End backup table: wp_wpr_errors
2017-01-30 20:55: Start backup table: wp_wpr_posts
2017-01-30 20:55: End backup table: wp_wpr_posts
2017-01-30 20:55: Start backup table: wp_wpr_templates
2017-01-30 20:55: End backup table: wp_wpr_templates
2017-01-30 20:55: Start backup table: wp_yith_wcwl
2017-01-30 20:55: End backup table: wp_yith_wcwl
2017-01-30 20:55: Start backup table: wp_yith_wcwl_lists
2017-01-30 20:55: End backup table: wp_yith_wcwl_lists
2017-01-30 20:55: End backup database
2017-01-30 20:55: Start backup files
2017-01-30 20:55: Backup files: wp-content/uploads/backup-guard/sg_backup_opt(db)_20170130205548/sg_backup_opt(db)_20170130205548.sql
2017-01-30 20:55: Number of files to backup: 1
2017-01-30 20:55: Start backup file: /var/www/vhosts/wpali1/wp-content/uploads/backup-guard/sg_backup_opt(db)_20170130205548/sg_backup_opt(db)_20170130205548.sql
2017-01-30 20:55: End backup file: /var/www/vhosts/wpali1/wp-content/uploads/backup-guard/sg_backup_opt(db)_20170130205548/sg_backup_opt(db)_20170130205548.sql
2017-01-30 20:55: End backup files
2017-01-30 20:55: End backup
2017-01-30 20:55: Total duration: 7.00 seconds
